<?xml version="1.0" encoding="UTF-8"?>
<testsuite name="oscarblancarte.AppTest" tests="1" skipped="0" failures="0" errors="0" timestamp="2022-06-14T15:54:56" hostname="codespaces-5b9c66" time="0.002">
  <properties/>
  <testcase name="appHasAGreeting" classname="oscarblancarte.AppTest" time="0.002"/>
  <system-out><![CDATA[]]></system-out>
  <system-err><![CDATA[]]></system-err>
</testsuite>
